kotlin version: 2.2.10
error message: org.jetbrains.kotlin.backend.common.CompilationException: Back-end: Please report this problem https://kotl.in/issue
C:/Users/ahmed/AndroidStudioProjects/Pomo-Pomodoro-Timer-App/app/src/main/java/com/example/pomo/data/TimerSettings.kt:-1:-1
Details: Internal error in file lowering : io.realm.kotlin.compiler.RealmModelLowering: 'org.jetbrains.kotlin.ir.declarations.IrValueParameter org.jetbrains.kotlin.ir.util.IrUtilsKt.copyTo$default(org.jetbrains.kotlin.ir.declarations.IrValueParameter, org.jetbrains.kotlin.ir.declarations.IrFunction, org.jetbrains.kotlin.ir.declarations.IrDeclarationOrigin, int, int, int, org.jetbrains.kotlin.name.Name, java.util.Map, org.jetbrains.kotlin.ir.types.IrType, org.jetbrains.kotlin.ir.types.IrType, org.jetbrains.kotlin.ir.expressions.IrExpressionBody, boolean, boolean, boolean, int, java.lang.Object)'
	at io.realm.kotlin.compiler.RealmModelSyntheticPropertiesGeneration.addInternalVarProperty(RealmModelSyntheticPropertiesGeneration.kt:802)
	at io.realm.kotlin.compiler.RealmModelSyntheticPropertiesGeneration.addRealmObjectInternalProperties(RealmModelSyntheticPropertiesGeneration.kt:239)
	at io.realm.kotlin.compiler.RealmModelLowering.lower(RealmModelLoweringExtension.kt:146)
	at org.jetbrains.kotlin.backend.common.ClassLoweringVisitor.visitClass(Lower.kt:98)
	at org.jetbrains.kotlin.ir.visitors.IrVisitorVoid.visitClass(IrVisitorVoid.kt:44)
	at org.jetbrains.kotlin.ir.visitors.IrVisitorVoid.visitClass(IrVisitorVoid.kt:18)
	at org.jetbrains.kotlin.ir.declarations.IrClass.accept(IrClass.kt:72)
	at org.jetbrains.kotlin.ir.declarations.IrPackageFragment.acceptChildren(IrPackageFragment.kt:27)
	at org.jetbrains.kotlin.ir.visitors.IrVisitorsKt.acceptChildrenVoid(IrVisitors.kt:23)
	at org.jetbrains.kotlin.backend.common.ClassLoweringVisitor.visitElement(Lower.kt:93)
	at org.jetbrains.kotlin.ir.visitors.IrVisitorVoid.visitPackageFragment(IrVisitorVoid.kt:168)
	at org.jetbrains.kotlin.ir.visitors.IrVisitorVoid.visitFile(IrVisitorVoid.kt:184)
	at org.jetbrains.kotlin.ir.visitors.IrVisitorVoid.visitFile(IrVisitorVoid.kt:180)
	at org.jetbrains.kotlin.ir.visitors.IrVisitorVoid.visitFile(IrVisitorVoid.kt:18)
	at org.jetbrains.kotlin.ir.declarations.IrFile.accept(IrFile.kt:27)
	at org.jetbrains.kotlin.ir.visitors.IrVisitorsKt.acceptVoid(IrVisitors.kt:11)
	at org.jetbrains.kotlin.backend.common.LowerKt.runOnFilePostfix(Lower.kt:86)
	at io.realm.kotlin.compiler.RealmModelLowering.lower(RealmModelLoweringExtension.kt:100)
	at io.realm.kotlin.compiler.RealmModelLowering.lowerFromModuleFragment(RealmModelLoweringExtension.kt:73)
	at io.realm.kotlin.compiler.RealmModelLoweringExtension.generate(RealmModelLoweringExtension.kt:52)
	at org.jetbrains.kotlin.backend.jvm.JvmIrCodegenFactory.convertToIr$lambda$2(JvmIrCodegenFactory.kt:239)
	at org.jetbrains.kotlin.psi2ir.Psi2IrTranslator.generateModuleFragment(Psi2IrTranslator.kt:103)
	at org.jetbrains.kotlin.backend.jvm.JvmIrCodegenFactory.convertToIr(JvmIrCodegenFactory.kt:266)
	at org.jetbrains.kotlin.cli.jvm.compiler.KotlinToJVMBytecodeCompiler.convertToIr(KotlinToJVMBytecodeCompiler.kt:292)
	at org.jetbrains.kotlin.cli.jvm.compiler.KotlinToJVMBytecodeCompiler.runFrontendAndGenerateIrUsingClassicFrontend(KotlinToJVMBytecodeCompiler.kt:185)
	at org.jetbrains.kotlin.cli.jvm.compiler.KotlinToJVMBytecodeCompiler.compileModules$cli(KotlinToJVMBytecodeCompiler.kt:80)
	at org.jetbrains.kotlin.cli.jvm.K2JVMCompiler.doExecute(K2JVMCompiler.kt:187)
	at org.jetbrains.kotlin.cli.jvm.K2JVMCompiler.doExecute(K2JVMCompiler.kt:44)
	at org.jetbrains.kotlin.cli.common.CLICompiler.execImpl(CLICompiler.kt:123)
	at org.jetbrains.kotlin.cli.common.CLICompiler.exec(CLICompiler.kt:352)
	at org.jetbrains.kotlin.incremental.IncrementalJvmCompilerRunnerBase.runCompiler(IncrementalJvmCompilerRunnerBase.kt:175)
	at org.jetbrains.kotlin.incremental.IncrementalJvmCompilerRunnerBase.runCompiler(IncrementalJvmCompilerRunnerBase.kt:38)
	at org.jetbrains.kotlin.incremental.IncrementalCompilerRunner.doCompile(IncrementalCompilerRunner.kt:504)
	at org.jetbrains.kotlin.incremental.IncrementalCompilerRunner.compileImpl(IncrementalCompilerRunner.kt:421)
	at org.jetbrains.kotlin.incremental.IncrementalCompilerRunner.compileNonIncrementally(IncrementalCompilerRunner.kt:306)
	at org.jetbrains.kotlin.incremental.IncrementalCompilerRunner.compile(IncrementalCompilerRunner.kt:133)
	at org.jetbrains.kotlin.daemon.CompileServiceImplBase.execIncrementalCompiler(CompileServiceImpl.kt:679)
	at org.jetbrains.kotlin.daemon.CompileServiceImplBase.access$execIncrementalCompiler(CompileServiceImpl.kt:93)
	at org.jetbrains.kotlin.daemon.CompileServiceImpl.compile(CompileServiceImpl.kt:1806)
	at java.base/jdk.internal.reflect.NativeMethodAccessorImpl.invoke0(Native Method)
	at java.base/jdk.internal.reflect.NativeMethodAccessorImpl.invoke(NativeMethodAccessorImpl.java:77)
	at java.base/jdk.internal.reflect.DelegatingMethodAccessorImpl.invoke(DelegatingMethodAccessorImpl.java:43)
	at java.base/java.lang.reflect.Method.invoke(Method.java:569)
	at java.rmi/sun.rmi.server.UnicastServerRef.dispatch(UnicastServerRef.java:360)
	at java.rmi/sun.rmi.transport.Transport$1.run(Transport.java:200)
	at java.rmi/sun.rmi.transport.Transport$1.run(Transport.java:197)
	at java.base/java.security.AccessController.doPrivileged(AccessController.java:712)
	at java.rmi/sun.rmi.transport.Transport.serviceCall(Transport.java:196)
	at java.rmi/sun.rmi.transport.tcp.TCPTransport.handleMessages(TCPTransport.java:587)
	at java.rmi/sun.rmi.transport.tcp.TCPTransport$ConnectionHandler.run0(TCPTransport.java:828)
	at java.rmi/sun.rmi.transport.tcp.TCPTransport$ConnectionHandler.lambda$run$0(TCPTransport.java:705)
	at java.base/java.security.AccessController.doPrivileged(AccessController.java:399)
	at java.rmi/sun.rmi.transport.tcp.TCPTransport$ConnectionHandler.run(TCPTransport.java:704)
	at java.base/java.util.concurrent.ThreadPoolExecutor.runWorker(ThreadPoolExecutor.java:1136)
	at java.base/java.util.concurrent.ThreadPoolExecutor$Worker.run(ThreadPoolExecutor.java:635)
	at java.base/java.lang.Thread.run(Thread.java:840)
Caused by: java.lang.NoSuchMethodError: 'org.jetbrains.kotlin.ir.declarations.IrValueParameter org.jetbrains.kotlin.ir.util.IrUtilsKt.copyTo$default(org.jetbrains.kotlin.ir.declarations.IrValueParameter, org.jetbrains.kotlin.ir.declarations.IrFunction, org.jetbrains.kotlin.ir.declarations.IrDeclarationOrigin, int, int, int, org.jetbrains.kotlin.name.Name, java.util.Map, org.jetbrains.kotlin.ir.types.IrType, org.jetbrains.kotlin.ir.types.IrType, org.jetbrains.kotlin.ir.expressions.IrExpressionBody, boolean, boolean, boolean, int, java.lang.Object)'
	... 56 more


